
===================================
START : FUNC_MKBOOTIMG
===================================

Making boot.img ...
	/home/adontoo/android/samsung/g9500/P/tools/mkbootimg --kernel /home/adontoo/android/samsung/g9500/P/out/arch/arm64/boot/Image.gz-dtb 			--ramdisk /home/adontoo/android/samsung/g9500/P/out/android/out/target/product/dreamqltezc/ramdisk.img 			--output /home/adontoo/android/samsung/g9500/P/out/android/out/target/product/dreamqltezc/boot.img 			--cmdline console=ttyMSM0,115200,n8 androidboot.console=ttyMSM0 earlycon=msm_serial_dm,0xc1b0000 androidboot.hardware=qcom user_debug=31 msm_rtb.filter=0x37 ehci-hcd.park=3 lpm_levels.sleep_disabled=1 sched_enable_hmp=1 sched_enable_power_aware=1 androidboot.selinux=permissive service_locator.enable=1 			--base 0x00000000 			--pagesize 4096 			--ramdisk_offset 0x02000000 			--tags_offset 0x01E00000
usage: mkbootimg [-h] --kernel KERNEL [--ramdisk RAMDISK] [--second SECOND]
                 [--cmdline CMDLINE] [--base BASE]
                 [--kernel_offset KERNEL_OFFSET]
                 [--ramdisk_offset RAMDISK_OFFSET]
                 [--second_offset SECOND_OFFSET] [--os_version OS_VERSION]
                 [--os_patch_level OS_PATCH_LEVEL] [--tags_offset TAGS_OFFSET]
                 [--board BOARD] [--pagesize {2048,4096,8192,16384}] [--id] -o
                 OUTPUT
mkbootimg: error: argument --ramdisk: can't open '/home/adontoo/android/samsung/g9500/P/out/android/out/target/product/dreamqltezc/ramdisk.img': [Errno 2] No such file or directory: '/home/adontoo/android/samsung/g9500/P/out/android/out/target/product/dreamqltezc/ramdisk.img'
./build_msm8998.sh: line 290: cd: /home/adontoo/android/samsung/g9500/P/out/android/out/target/product/dreamqltezc: No such file or directory
tar: boot.img: Cannot stat: No such file or directory
tar: Exiting with failure status due to previous errors

=================================================
-->Note, copy to /../output/ directory
=================================================
cp: cannot stat '/home/adontoo/android/samsung/g9500/P/out/android/out/target/product/dreamqltezc/boot_dreamqlte_open_NONCERT.tar': No such file or directory
